<?xml version="1.0" encoding="UTF-8"?>
<testsuite name="com.positive.culture.seoulQuest.seoulQuest.repository.MemberRepositoryTests" tests="1" skipped="0" failures="0" errors="0" timestamp="2024-10-23T07:47:26" hostname="User -2024DNHES" time="1.508">
  <properties/>
  <testcase name="testIns()" classname="com.positive.culture.seoulQuest.seoulQuest.repository.MemberRepositoryTests" time="1.508"/>
  <system-out><![CDATA[16:47:22.438 [Test worker] INFO org.springframework.test.context.support.AnnotationConfigContextLoaderUtils -- Could not detect default configuration classes for test class [com.positive.culture.seoulQuest.seoulQuest.repository.MemberRepositoryTests]: MemberRepositoryTests does not declare any static, non-private, non-final, nested classes annotated with @Configuration.
16:47:22.564 [Test worker] INFO org.springframework.boot.test.context.SpringBootTestContextBootstrapper -- Found @SpringBootConfiguration com.positive.culture.seoulQuest.SeoulQuestApplication for test class com.positive.culture.seoulQuest.seoulQuest.repository.MemberRepositoryTests

  .   ____          _            __ _ _
 /\\ / ___'_ __ _ _(_)_ __  __ _ \ \ \ \
( ( )\___ | '_ | '_| | '_ \/ _` | \ \ \ \
 \\/  ___)| |_)| | | | | || (_| |  ) ) ) )
  '  |____| .__|_| |_|_| |_\__, | / / / /
 =========|_|==============|___/=/_/_/_/

 :: Spring Boot ::                (v3.3.4)

2024-10-23T16:47:22.921+09:00  INFO 17528 --- [seoulQuest] [    Test worker] c.p.c.s.s.r.MemberRepositoryTests        : Starting MemberRepositoryTests using Java 17.0.13 with PID 17528 (started by Administrator in E:\hyeri\back1022\seoulQuestBackend_v3)
2024-10-23T16:47:22.922+09:00  INFO 17528 --- [seoulQuest] [    Test worker] c.p.c.s.s.r.MemberRepositoryTests        : No active profile set, falling back to 1 default profile: "default"
2024-10-23T16:47:23.477+09:00  INFO 17528 --- [seoulQuest] [    Test worker] .s.d.r.c.RepositoryConfigurationDelegate : Bootstrapping Spring Data JPA repositories in DEFAULT mode.
2024-10-23T16:47:23.540+09:00  INFO 17528 --- [seoulQuest] [    Test worker] .s.d.r.c.RepositoryConfigurationDelegate : Finished Spring Data repository scanning in 55 ms. Found 5 JPA repository interfaces.
2024-10-23T16:47:23.944+09:00  INFO 17528 --- [seoulQuest] [    Test worker] o.hibernate.jpa.internal.util.LogHelper  : HHH000204: Processing PersistenceUnitInfo [name: default]
2024-10-23T16:47:23.996+09:00  INFO 17528 --- [seoulQuest] [    Test worker] org.hibernate.Version                    : HHH000412: Hibernate ORM core version 6.5.3.Final
2024-10-23T16:47:24.028+09:00  INFO 17528 --- [seoulQuest] [    Test worker] o.h.c.internal.RegionFactoryInitiator    : HHH000026: Second-level cache disabled
2024-10-23T16:47:24.294+09:00  INFO 17528 --- [seoulQuest] [    Test worker] o.s.o.j.p.SpringPersistenceUnitInfo      : No LoadTimeWeaver setup: ignoring JPA class transformer
2024-10-23T16:47:24.322+09:00  INFO 17528 --- [seoulQuest] [    Test worker] com.zaxxer.hikari.HikariDataSource       : HikariPool-1 - Starting...
2024-10-23T16:47:24.552+09:00  INFO 17528 --- [seoulQuest] [    Test worker] com.zaxxer.hikari.pool.HikariPool        : HikariPool-1 - Added connection com.mysql.cj.jdbc.ConnectionImpl@5cd701e4
2024-10-23T16:47:24.554+09:00  INFO 17528 --- [seoulQuest] [    Test worker] com.zaxxer.hikari.HikariDataSource       : HikariPool-1 - Start completed.
2024-10-23T16:47:25.406+09:00  INFO 17528 --- [seoulQuest] [    Test worker] o.h.e.t.j.p.i.JtaPlatformInitiator       : HHH000489: No JTA platform available (set 'hibernate.transaction.jta.platform' to enable JTA platform integration)
Hibernate: 
    alter table tbl_product 
       modify column pdesc TEXT
Hibernate: 
    alter table tbl_tours 
       modify column tdesc TEXT
2024-10-23T16:47:25.551+09:00  INFO 17528 --- [seoulQuest] [    Test worker] j.LocalContainerEntityManagerFactoryBean : Initialized JPA EntityManagerFactory for persistence unit 'default'
2024-10-23T16:47:25.565+09:00  INFO 17528 --- [seoulQuest] [    Test worker] c.p.c.seoulQuest.util.CustomFileUtil     : =======================================
2024-10-23T16:47:25.565+09:00  INFO 17528 --- [seoulQuest] [    Test worker] c.p.c.seoulQuest.util.CustomFileUtil     : E:\hyeri\back1022\seoulQuestBackend_v3\upload
2024-10-23T16:47:25.760+09:00  INFO 17528 --- [seoulQuest] [    Test worker] o.s.d.j.r.query.QueryEnhancerFactory     : Hibernate is in classpath; If applicable, HQL parser will be used.
2024-10-23T16:47:26.249+09:00  WARN 17528 --- [seoulQuest] [    Test worker] JpaBaseConfiguration$JpaWebConfiguration : spring.jpa.open-in-view is enabled by default. Therefore, database queries may be performed during view rendering. Explicitly configure spring.jpa.open-in-view to disable this warning
2024-10-23T16:47:26.278+09:00  INFO 17528 --- [seoulQuest] [    Test worker] r$InitializeUserDetailsManagerConfigurer : Global AuthenticationManager configured with UserDetailsService bean with name customUserDetailsService
2024-10-23T16:47:26.322+09:00  INFO 17528 --- [seoulQuest] [    Test worker] c.p.c.s.config.CustomSecurityConfig      : ----security config----
2024-10-23T16:47:26.359+09:00 DEBUG 17528 --- [seoulQuest] [    Test worker] o.s.s.web.DefaultSecurityFilterChain     : Will secure any request with filters: DisableEncodeUrlFilter, WebAsyncManagerIntegrationFilter, SecurityContextHolderFilter, HeaderWriterFilter, CorsFilter, LogoutFilter, JWTCheckFilter, UsernamePasswordAuthenticationFilter, RequestCacheAwareFilter, SecurityContextHolderAwareRequestFilter, AnonymousAuthenticationFilter, SessionManagementFilter, ExceptionTranslationFilter
2024-10-23T16:47:26.766+09:00  WARN 17528 --- [seoulQuest] [    Test worker] ion$DefaultTemplateResolverConfiguration : Cannot find template location: classpath:/templates/ (please add some templates, check your Thymeleaf configuration, or set spring.thymeleaf.check-template-location=false)
2024-10-23T16:47:26.923+09:00  INFO 17528 --- [seoulQuest] [    Test worker] c.p.c.s.s.r.MemberRepositoryTests        : Started MemberRepositoryTests in 4.194 seconds (process running for 5.235)
Hibernate: 
    insert 
    into
        tbl_member
        (city, state, street, zip_code, birthday, email, member_id, name, nick_name, password, phone_number, social) 
    values
        (?, ?, ?, ?, ?, ?, ?, ?, ?, ?, ?, ?)
Hibernate: 
    insert 
    into
        member_member_role_list
        (member_id, member_role_list) 
    values
        (?, ?)
Hibernate: 
    insert 
    into
        tbl_member
        (city, state, street, zip_code, birthday, email, member_id, name, nick_name, password, phone_number, social) 
    values
        (?, ?, ?, ?, ?, ?, ?, ?, ?, ?, ?, ?)
Hibernate: 
    insert 
    into
        member_member_role_list
        (member_id, member_role_list) 
    values
        (?, ?)
Hibernate: 
    insert 
    into
        tbl_member
        (city, state, street, zip_code, birthday, email, member_id, name, nick_name, password, phone_number, social) 
    values
        (?, ?, ?, ?, ?, ?, ?, ?, ?, ?, ?, ?)
Hibernate: 
    insert 
    into
        member_member_role_list
        (member_id, member_role_list) 
    values
        (?, ?)
Hibernate: 
    insert 
    into
        tbl_member
        (city, state, street, zip_code, birthday, email, member_id, name, nick_name, password, phone_number, social) 
    values
        (?, ?, ?, ?, ?, ?, ?, ?, ?, ?, ?, ?)
Hibernate: 
    insert 
    into
        member_member_role_list
        (member_id, member_role_list) 
    values
        (?, ?)
Hibernate: 
    insert 
    into
        tbl_member
        (city, state, street, zip_code, birthday, email, member_id, name, nick_name, password, phone_number, social) 
    values
        (?, ?, ?, ?, ?, ?, ?, ?, ?, ?, ?, ?)
Hibernate: 
    insert 
    into
        member_member_role_list
        (member_id, member_role_list) 
    values
        (?, ?)
Hibernate: 
    insert 
    into
        tbl_member
        (city, state, street, zip_code, birthday, email, member_id, name, nick_name, password, phone_number, social) 
    values
        (?, ?, ?, ?, ?, ?, ?, ?, ?, ?, ?, ?)
Hibernate: 
    insert 
    into
        member_member_role_list
        (member_id, member_role_list) 
    values
        (?, ?)
Hibernate: 
    insert 
    into
        tbl_member
        (city, state, street, zip_code, birthday, email, member_id, name, nick_name, password, phone_number, social) 
    values
        (?, ?, ?, ?, ?, ?, ?, ?, ?, ?, ?, ?)
Hibernate: 
    insert 
    into
        member_member_role_list
        (member_id, member_role_list) 
    values
        (?, ?)
Hibernate: 
    insert 
    into
        tbl_member
        (city, state, street, zip_code, birthday, email, member_id, name, nick_name, password, phone_number, social) 
    values
        (?, ?, ?, ?, ?, ?, ?, ?, ?, ?, ?, ?)
Hibernate: 
    insert 
    into
        member_member_role_list
        (member_id, member_role_list) 
    values
        (?, ?)
Hibernate: 
    insert 
    into
        member_member_role_list
        (member_id, member_role_list) 
    values
        (?, ?)
Hibernate: 
    insert 
    into
        tbl_member
        (city, state, street, zip_code, birthday, email, member_id, name, nick_name, password, phone_number, social) 
    values
        (?, ?, ?, ?, ?, ?, ?, ?, ?, ?, ?, ?)
Hibernate: 
    insert 
    into
        member_member_role_list
        (member_id, member_role_list) 
    values
        (?, ?)
Hibernate: 
    insert 
    into
        member_member_role_list
        (member_id, member_role_list) 
    values
        (?, ?)
Hibernate: 
    insert 
    into
        tbl_member
        (city, state, street, zip_code, birthday, email, member_id, name, nick_name, password, phone_number, social) 
    values
        (?, ?, ?, ?, ?, ?, ?, ?, ?, ?, ?, ?)
Hibernate: 
    insert 
    into
        member_member_role_list
        (member_id, member_role_list) 
    values
        (?, ?)
Hibernate: 
    insert 
    into
        member_member_role_list
        (member_id, member_role_list) 
    values
        (?, ?)
]]></system-out>
  <system-err><![CDATA[]]></system-err>
</testsuite>
