<?xml version="1.0" encoding="UTF-8"?>
<testsuite name="com.positive.culture.seoulQuest.seoulQuest.repository.CouponRepositoryTests" tests="1" skipped="0" failures="0" errors="0" timestamp="2024-11-07T13:42:04" hostname="DESKTOP-17OPFJK" time="0.661">
  <properties/>
  <testcase name="insertCouponUser()" classname="com.positive.culture.seoulQuest.seoulQuest.repository.CouponRepositoryTests" time="0.661"/>
  <system-out><![CDATA[22:41:58.366 [Test worker] INFO org.springframework.test.context.support.AnnotationConfigContextLoaderUtils -- Could not detect default configuration classes for test class [com.positive.culture.seoulQuest.seoulQuest.repository.CouponRepositoryTests]: CouponRepositoryTests does not declare any static, non-private, non-final, nested classes annotated with @Configuration.
22:41:58.482 [Test worker] INFO org.springframework.boot.test.context.SpringBootTestContextBootstrapper -- Found @SpringBootConfiguration com.positive.culture.seoulQuest.SeoulQuestApplication for test class com.positive.culture.seoulQuest.seoulQuest.repository.CouponRepositoryTests

  .   ____          _            __ _ _
 /\\ / ___'_ __ _ _(_)_ __  __ _ \ \ \ \
( ( )\___ | '_ | '_| | '_ \/ _` | \ \ \ \
 \\/  ___)| |_)| | | | | || (_| |  ) ) ) )
  '  |____| .__|_| |_|_| |_\__, | / / / /
 =========|_|==============|___/=/_/_/_/

 :: Spring Boot ::                (v3.3.4)

2024-11-07T22:41:58.868+09:00  INFO 20308 --- [seoulQuest] [    Test worker] c.p.c.s.s.r.CouponRepositoryTests        : Starting CouponRepositoryTests using Java 17.0.13 with PID 20308 (started by shi60 in D:\positiveGitHub\seoulQuest\seoulQuestBackend1107a)
2024-11-07T22:41:58.869+09:00  INFO 20308 --- [seoulQuest] [    Test worker] c.p.c.s.s.r.CouponRepositoryTests        : No active profile set, falling back to 1 default profile: "default"
2024-11-07T22:41:59.554+09:00  INFO 20308 --- [seoulQuest] [    Test worker] .s.d.r.c.RepositoryConfigurationDelegate : Bootstrapping Spring Data JPA repositories in DEFAULT mode.
2024-11-07T22:41:59.655+09:00  INFO 20308 --- [seoulQuest] [    Test worker] .s.d.r.c.RepositoryConfigurationDelegate : Finished Spring Data repository scanning in 92 ms. Found 11 JPA repository interfaces.
2024-11-07T22:42:00.152+09:00  INFO 20308 --- [seoulQuest] [    Test worker] o.hibernate.jpa.internal.util.LogHelper  : HHH000204: Processing PersistenceUnitInfo [name: default]
2024-11-07T22:42:00.217+09:00  INFO 20308 --- [seoulQuest] [    Test worker] org.hibernate.Version                    : HHH000412: Hibernate ORM core version 6.5.3.Final
2024-11-07T22:42:00.256+09:00  INFO 20308 --- [seoulQuest] [    Test worker] o.h.c.internal.RegionFactoryInitiator    : HHH000026: Second-level cache disabled
2024-11-07T22:42:00.582+09:00  INFO 20308 --- [seoulQuest] [    Test worker] o.s.o.j.p.SpringPersistenceUnitInfo      : No LoadTimeWeaver setup: ignoring JPA class transformer
2024-11-07T22:42:00.617+09:00  INFO 20308 --- [seoulQuest] [    Test worker] com.zaxxer.hikari.HikariDataSource       : HikariPool-1 - Starting...
2024-11-07T22:42:00.901+09:00  INFO 20308 --- [seoulQuest] [    Test worker] com.zaxxer.hikari.pool.HikariPool        : HikariPool-1 - Added connection com.mysql.cj.jdbc.ConnectionImpl@335972a5
2024-11-07T22:42:00.903+09:00  INFO 20308 --- [seoulQuest] [    Test worker] com.zaxxer.hikari.HikariDataSource       : HikariPool-1 - Start completed.
2024-11-07T22:42:02.018+09:00  INFO 20308 --- [seoulQuest] [    Test worker] o.h.e.t.j.p.i.JtaPlatformInitiator       : HHH000489: No JTA platform available (set 'hibernate.transaction.jta.platform' to enable JTA platform integration)
Hibernate: 
    alter table tbl_product 
       modify column pdesc TEXT
Hibernate: 
    alter table tbl_tours 
       modify column tdesc TEXT
2024-11-07T22:42:02.185+09:00  INFO 20308 --- [seoulQuest] [    Test worker] j.LocalContainerEntityManagerFactoryBean : Initialized JPA EntityManagerFactory for persistence unit 'default'
2024-11-07T22:42:02.431+09:00  INFO 20308 --- [seoulQuest] [    Test worker] o.s.d.j.r.query.QueryEnhancerFactory     : Hibernate is in classpath; If applicable, HQL parser will be used.
2024-11-07T22:42:03.077+09:00  INFO 20308 --- [seoulQuest] [    Test worker] c.p.c.seoulQuest.util.CustomFileUtil     : =======================================
2024-11-07T22:42:03.078+09:00  INFO 20308 --- [seoulQuest] [    Test worker] c.p.c.seoulQuest.util.CustomFileUtil     : D:\positiveGitHub\seoulQuest\seoulQuestBackend1107a\upload
2024-11-07T22:42:03.234+09:00  WARN 20308 --- [seoulQuest] [    Test worker] JpaBaseConfiguration$JpaWebConfiguration : spring.jpa.open-in-view is enabled by default. Therefore, database queries may be performed during view rendering. Explicitly configure spring.jpa.open-in-view to disable this warning
2024-11-07T22:42:03.278+09:00  INFO 20308 --- [seoulQuest] [    Test worker] r$InitializeUserDetailsManagerConfigurer : Global AuthenticationManager configured with UserDetailsService bean with name customUserDetailsService
2024-11-07T22:42:03.335+09:00  INFO 20308 --- [seoulQuest] [    Test worker] c.p.c.s.config.CustomSecurityConfig      : ----security config----
2024-11-07T22:42:03.659+09:00 DEBUG 20308 --- [seoulQuest] [    Test worker] o.s.s.web.DefaultSecurityFilterChain     : Will secure any request with filters: DisableEncodeUrlFilter, WebAsyncManagerIntegrationFilter, SecurityContextHolderFilter, HeaderWriterFilter, CorsFilter, LogoutFilter, JWTCheckFilter, UsernamePasswordAuthenticationFilter, RequestCacheAwareFilter, SecurityContextHolderAwareRequestFilter, AnonymousAuthenticationFilter, SessionManagementFilter, ExceptionTranslationFilter, AuthorizationFilter
2024-11-07T22:42:03.940+09:00  WARN 20308 --- [seoulQuest] [    Test worker] ion$DefaultTemplateResolverConfiguration : Cannot find template location: classpath:/templates/ (please add some templates, check your Thymeleaf configuration, or set spring.thymeleaf.check-template-location=false)
2024-11-07T22:42:04.157+09:00  INFO 20308 --- [seoulQuest] [    Test worker] c.p.c.s.s.r.CouponRepositoryTests        : Started CouponRepositoryTests in 5.499 seconds (process running for 6.831)
Hibernate: 
    select
        c1_0.coupon_id,
        c1_0.coupon_code,
        c1_0.coupon_name,
        c1_0.discount,
        c1_0.expire_date,
        c1_0.is_active 
    from
        tbl_coupon c1_0 
    where
        c1_0.coupon_id=?
Hibernate: 
    select
        m1_0.id,
        m1_0.city,
        m1_0.country,
        m1_0.state,
        m1_0.street,
        m1_0.zip_code,
        m1_0.birthday,
        m1_0.email,
        m1_0.firstname,
        m1_0.lastname,
        m1_0.nick_name,
        m1_0.password,
        m1_0.phone_number,
        m1_0.social 
    from
        tbl_member m1_0 
    where
        m1_0.email=?
Hibernate: 
    insert 
    into
        tbl_user_coupon
        (coupon_id, member_id, use_date) 
    values
        (?, ?, ?)
Saved UserCoupon for email: user1@gmail.com with Coupon ID: 2
Hibernate: 
    select
        c1_0.coupon_id,
        c1_0.coupon_code,
        c1_0.coupon_name,
        c1_0.discount,
        c1_0.expire_date,
        c1_0.is_active 
    from
        tbl_coupon c1_0 
    where
        c1_0.coupon_id=?
Hibernate: 
    select
        m1_0.id,
        m1_0.city,
        m1_0.country,
        m1_0.state,
        m1_0.street,
        m1_0.zip_code,
        m1_0.birthday,
        m1_0.email,
        m1_0.firstname,
        m1_0.lastname,
        m1_0.nick_name,
        m1_0.password,
        m1_0.phone_number,
        m1_0.social 
    from
        tbl_member m1_0 
    where
        m1_0.email=?
Hibernate: 
    insert 
    into
        tbl_user_coupon
        (coupon_id, member_id, use_date) 
    values
        (?, ?, ?)
Saved UserCoupon for email: user2@gmail.com with Coupon ID: 19
Hibernate: 
    select
        m1_0.id,
        m1_0.city,
        m1_0.country,
        m1_0.state,
        m1_0.street,
        m1_0.zip_code,
        m1_0.birthday,
        m1_0.email,
        m1_0.firstname,
        m1_0.lastname,
        m1_0.nick_name,
        m1_0.password,
        m1_0.phone_number,
        m1_0.social 
    from
        tbl_member m1_0 
    where
        m1_0.email=?
Hibernate: 
    insert 
    into
        tbl_user_coupon
        (coupon_id, member_id, use_date) 
    values
        (?, ?, ?)
Saved UserCoupon for email: user3@gmail.com with Coupon ID: 19
Hibernate: 
    select
        c1_0.coupon_id,
        c1_0.coupon_code,
        c1_0.coupon_name,
        c1_0.discount,
        c1_0.expire_date,
        c1_0.is_active 
    from
        tbl_coupon c1_0 
    where
        c1_0.coupon_id=?
Coupon ID 11 is not active.
Hibernate: 
    select
        c1_0.coupon_id,
        c1_0.coupon_code,
        c1_0.coupon_name,
        c1_0.discount,
        c1_0.expire_date,
        c1_0.is_active 
    from
        tbl_coupon c1_0 
    where
        c1_0.coupon_id=?
Hibernate: 
    select
        m1_0.id,
        m1_0.city,
        m1_0.country,
        m1_0.state,
        m1_0.street,
        m1_0.zip_code,
        m1_0.birthday,
        m1_0.email,
        m1_0.firstname,
        m1_0.lastname,
        m1_0.nick_name,
        m1_0.password,
        m1_0.phone_number,
        m1_0.social 
    from
        tbl_member m1_0 
    where
        m1_0.email=?
Hibernate: 
    insert 
    into
        tbl_user_coupon
        (coupon_id, member_id, use_date) 
    values
        (?, ?, ?)
Saved UserCoupon for email: user5@gmail.com with Coupon ID: 12
Hibernate: 
    select
        c1_0.coupon_id,
        c1_0.coupon_code,
        c1_0.coupon_name,
        c1_0.discount,
        c1_0.expire_date,
        c1_0.is_active 
    from
        tbl_coupon c1_0 
    where
        c1_0.coupon_id=?
Coupon ID 22 is not active.
Hibernate: 
    select
        c1_0.coupon_id,
        c1_0.coupon_code,
        c1_0.coupon_name,
        c1_0.discount,
        c1_0.expire_date,
        c1_0.is_active 
    from
        tbl_coupon c1_0 
    where
        c1_0.coupon_id=?
Coupon ID 18 is not active.
]]></system-out>
  <system-err><![CDATA[]]></system-err>
</testsuite>
