<?xml version="1.0" encoding="UTF-8"?>
<testsuite name="com.positive.culture.seoulQuest.seoulQuest.repository.TourRepositoryTests" tests="1" skipped="0" failures="0" errors="0" timestamp="2024-10-31T08:32:36" hostname="DESKTOP-D9J3Q40" time="0.711">
  <properties/>
  <testcase name="testInsertTdate()" classname="com.positive.culture.seoulQuest.seoulQuest.repository.TourRepositoryTests" time="0.711"/>
  <system-out><![CDATA[17:32:31.468 [Test worker] INFO org.springframework.test.context.support.AnnotationConfigContextLoaderUtils -- Could not detect default configuration classes for test class [com.positive.culture.seoulQuest.seoulQuest.repository.TourRepositoryTests]: TourRepositoryTests does not declare any static, non-private, non-final, nested classes annotated with @Configuration.
17:32:31.576 [Test worker] INFO org.springframework.boot.test.context.SpringBootTestContextBootstrapper -- Found @SpringBootConfiguration com.positive.culture.seoulQuest.SeoulQuestApplication for test class com.positive.culture.seoulQuest.seoulQuest.repository.TourRepositoryTests

  .   ____          _            __ _ _
 /\\ / ___'_ __ _ _(_)_ __  __ _ \ \ \ \
( ( )\___ | '_ | '_| | '_ \/ _` | \ \ \ \
 \\/  ___)| |_)| | | | | || (_| |  ) ) ) )
  '  |____| .__|_| |_|_| |_\__, | / / / /
 =========|_|==============|___/=/_/_/_/

 :: Spring Boot ::                (v3.3.4)

2024-10-31T17:32:31.943+09:00  INFO 12804 --- [seoulQuest] [    Test worker] c.p.c.s.s.r.TourRepositoryTests          : Starting TourRepositoryTests using Java 17.0.12 with PID 12804 (started by asd in D:\hyein\seoulQuest\seoulQuestBackend_1030)
2024-10-31T17:32:31.945+09:00  INFO 12804 --- [seoulQuest] [    Test worker] c.p.c.s.s.r.TourRepositoryTests          : No active profile set, falling back to 1 default profile: "default"
2024-10-31T17:32:32.553+09:00  INFO 12804 --- [seoulQuest] [    Test worker] .s.d.r.c.RepositoryConfigurationDelegate : Bootstrapping Spring Data JPA repositories in DEFAULT mode.
2024-10-31T17:32:32.632+09:00  INFO 12804 --- [seoulQuest] [    Test worker] .s.d.r.c.RepositoryConfigurationDelegate : Finished Spring Data repository scanning in 71 ms. Found 9 JPA repository interfaces.
2024-10-31T17:32:33.081+09:00  INFO 12804 --- [seoulQuest] [    Test worker] o.hibernate.jpa.internal.util.LogHelper  : HHH000204: Processing PersistenceUnitInfo [name: default]
2024-10-31T17:32:33.138+09:00  INFO 12804 --- [seoulQuest] [    Test worker] org.hibernate.Version                    : HHH000412: Hibernate ORM core version 6.5.3.Final
2024-10-31T17:32:33.176+09:00  INFO 12804 --- [seoulQuest] [    Test worker] o.h.c.internal.RegionFactoryInitiator    : HHH000026: Second-level cache disabled
2024-10-31T17:32:33.473+09:00  INFO 12804 --- [seoulQuest] [    Test worker] o.s.o.j.p.SpringPersistenceUnitInfo      : No LoadTimeWeaver setup: ignoring JPA class transformer
2024-10-31T17:32:33.500+09:00  INFO 12804 --- [seoulQuest] [    Test worker] com.zaxxer.hikari.HikariDataSource       : HikariPool-1 - Starting...
2024-10-31T17:32:33.750+09:00  INFO 12804 --- [seoulQuest] [    Test worker] com.zaxxer.hikari.pool.HikariPool        : HikariPool-1 - Added connection com.mysql.cj.jdbc.ConnectionImpl@624d778e
2024-10-31T17:32:33.752+09:00  INFO 12804 --- [seoulQuest] [    Test worker] com.zaxxer.hikari.HikariDataSource       : HikariPool-1 - Start completed.
2024-10-31T17:32:34.734+09:00  INFO 12804 --- [seoulQuest] [    Test worker] o.h.e.t.j.p.i.JtaPlatformInitiator       : HHH000489: No JTA platform available (set 'hibernate.transaction.jta.platform' to enable JTA platform integration)
Hibernate: 
    alter table tbl_product 
       modify column pdesc TEXT
Hibernate: 
    alter table tbl_tours 
       modify column tdesc TEXT
2024-10-31T17:32:34.878+09:00  INFO 12804 --- [seoulQuest] [    Test worker] j.LocalContainerEntityManagerFactoryBean : Initialized JPA EntityManagerFactory for persistence unit 'default'
2024-10-31T17:32:35.092+09:00  INFO 12804 --- [seoulQuest] [    Test worker] o.s.d.j.r.query.QueryEnhancerFactory     : Hibernate is in classpath; If applicable, HQL parser will be used.
2024-10-31T17:32:35.761+09:00  INFO 12804 --- [seoulQuest] [    Test worker] c.p.c.seoulQuest.util.CustomFileUtil     : =======================================
2024-10-31T17:32:35.762+09:00  INFO 12804 --- [seoulQuest] [    Test worker] c.p.c.seoulQuest.util.CustomFileUtil     : D:\hyein\seoulQuest\seoulQuestBackend_1030\upload
2024-10-31T17:32:35.881+09:00  WARN 12804 --- [seoulQuest] [    Test worker] JpaBaseConfiguration$JpaWebConfiguration : spring.jpa.open-in-view is enabled by default. Therefore, database queries may be performed during view rendering. Explicitly configure spring.jpa.open-in-view to disable this warning
2024-10-31T17:32:35.912+09:00  INFO 12804 --- [seoulQuest] [    Test worker] r$InitializeUserDetailsManagerConfigurer : Global AuthenticationManager configured with UserDetailsService bean with name customUserDetailsService
2024-10-31T17:32:35.955+09:00  INFO 12804 --- [seoulQuest] [    Test worker] c.p.c.s.config.CustomSecurityConfig      : ----security config----
2024-10-31T17:32:36.002+09:00 DEBUG 12804 --- [seoulQuest] [    Test worker] o.s.s.web.DefaultSecurityFilterChain     : Will secure any request with filters: DisableEncodeUrlFilter, WebAsyncManagerIntegrationFilter, SecurityContextHolderFilter, HeaderWriterFilter, CorsFilter, LogoutFilter, JWTCheckFilter, UsernamePasswordAuthenticationFilter, RequestCacheAwareFilter, SecurityContextHolderAwareRequestFilter, AnonymousAuthenticationFilter, SessionManagementFilter, ExceptionTranslationFilter
2024-10-31T17:32:36.399+09:00  WARN 12804 --- [seoulQuest] [    Test worker] ion$DefaultTemplateResolverConfiguration : Cannot find template location: classpath:/templates/ (please add some templates, check your Thymeleaf configuration, or set spring.thymeleaf.check-template-location=false)
2024-10-31T17:32:36.563+09:00  INFO 12804 --- [seoulQuest] [    Test worker] c.p.c.s.s.r.TourRepositoryTests          : Started TourRepositoryTests in 4.832 seconds (process running for 5.871)
Hibernate: 
    select
        t1_0.tno,
        t1_0.category_no,
        t1_0.create_at,
        t1_0.del_flag,
        t1_0.like_count,
        t1_0.max_capacity,
        t1_0.tdesc,
        t1_0.tlocation,
        t1_0.tname,
        til1_0.tour_tno,
        til1_0.category_name,
        til1_0.file_name,
        til1_0.ord,
        t1_0.tprice,
        t1_0.update_at 
    from
        tbl_tours t1_0 
    left join
        tour_tour_image_list til1_0 
            on t1_0.tno=til1_0.tour_tno 
    where
        t1_0.tno=?
Hibernate: 
    insert 
    into
        tbl_tour_date
        (available_capacity, tour_no, tour_date) 
    values
        (?, ?, ?)
Hibernate: 
    select
        t1_0.tno,
        t1_0.category_no,
        t1_0.create_at,
        t1_0.del_flag,
        t1_0.like_count,
        t1_0.max_capacity,
        t1_0.tdesc,
        t1_0.tlocation,
        t1_0.tname,
        til1_0.tour_tno,
        til1_0.category_name,
        til1_0.file_name,
        til1_0.ord,
        t1_0.tprice,
        t1_0.update_at 
    from
        tbl_tours t1_0 
    left join
        tour_tour_image_list til1_0 
            on t1_0.tno=til1_0.tour_tno 
    where
        t1_0.tno=?
Hibernate: 
    insert 
    into
        tbl_tour_date
        (available_capacity, tour_no, tour_date) 
    values
        (?, ?, ?)
Hibernate: 
    select
        t1_0.tno,
        t1_0.category_no,
        t1_0.create_at,
        t1_0.del_flag,
        t1_0.like_count,
        t1_0.max_capacity,
        t1_0.tdesc,
        t1_0.tlocation,
        t1_0.tname,
        til1_0.tour_tno,
        til1_0.category_name,
        til1_0.file_name,
        til1_0.ord,
        t1_0.tprice,
        t1_0.update_at 
    from
        tbl_tours t1_0 
    left join
        tour_tour_image_list til1_0 
            on t1_0.tno=til1_0.tour_tno 
    where
        t1_0.tno=?
Hibernate: 
    insert 
    into
        tbl_tour_date
        (available_capacity, tour_no, tour_date) 
    values
        (?, ?, ?)
Hibernate: 
    select
        t1_0.tno,
        t1_0.category_no,
        t1_0.create_at,
        t1_0.del_flag,
        t1_0.like_count,
        t1_0.max_capacity,
        t1_0.tdesc,
        t1_0.tlocation,
        t1_0.tname,
        til1_0.tour_tno,
        til1_0.category_name,
        til1_0.file_name,
        til1_0.ord,
        t1_0.tprice,
        t1_0.update_at 
    from
        tbl_tours t1_0 
    left join
        tour_tour_image_list til1_0 
            on t1_0.tno=til1_0.tour_tno 
    where
        t1_0.tno=?
Hibernate: 
    insert 
    into
        tbl_tour_date
        (available_capacity, tour_no, tour_date) 
    values
        (?, ?, ?)
Hibernate: 
    select
        t1_0.tno,
        t1_0.category_no,
        t1_0.create_at,
        t1_0.del_flag,
        t1_0.like_count,
        t1_0.max_capacity,
        t1_0.tdesc,
        t1_0.tlocation,
        t1_0.tname,
        til1_0.tour_tno,
        til1_0.category_name,
        til1_0.file_name,
        til1_0.ord,
        t1_0.tprice,
        t1_0.update_at 
    from
        tbl_tours t1_0 
    left join
        tour_tour_image_list til1_0 
            on t1_0.tno=til1_0.tour_tno 
    where
        t1_0.tno=?
Hibernate: 
    insert 
    into
        tbl_tour_date
        (available_capacity, tour_no, tour_date) 
    values
        (?, ?, ?)
Hibernate: 
    select
        t1_0.tno,
        t1_0.category_no,
        t1_0.create_at,
        t1_0.del_flag,
        t1_0.like_count,
        t1_0.max_capacity,
        t1_0.tdesc,
        t1_0.tlocation,
        t1_0.tname,
        til1_0.tour_tno,
        til1_0.category_name,
        til1_0.file_name,
        til1_0.ord,
        t1_0.tprice,
        t1_0.update_at 
    from
        tbl_tours t1_0 
    left join
        tour_tour_image_list til1_0 
            on t1_0.tno=til1_0.tour_tno 
    where
        t1_0.tno=?
Hibernate: 
    insert 
    into
        tbl_tour_date
        (available_capacity, tour_no, tour_date) 
    values
        (?, ?, ?)
Hibernate: 
    select
        t1_0.tno,
        t1_0.category_no,
        t1_0.create_at,
        t1_0.del_flag,
        t1_0.like_count,
        t1_0.max_capacity,
        t1_0.tdesc,
        t1_0.tlocation,
        t1_0.tname,
        til1_0.tour_tno,
        til1_0.category_name,
        til1_0.file_name,
        til1_0.ord,
        t1_0.tprice,
        t1_0.update_at 
    from
        tbl_tours t1_0 
    left join
        tour_tour_image_list til1_0 
            on t1_0.tno=til1_0.tour_tno 
    where
        t1_0.tno=?
Hibernate: 
    insert 
    into
        tbl_tour_date
        (available_capacity, tour_no, tour_date) 
    values
        (?, ?, ?)
Hibernate: 
    select
        t1_0.tno,
        t1_0.category_no,
        t1_0.create_at,
        t1_0.del_flag,
        t1_0.like_count,
        t1_0.max_capacity,
        t1_0.tdesc,
        t1_0.tlocation,
        t1_0.tname,
        til1_0.tour_tno,
        til1_0.category_name,
        til1_0.file_name,
        til1_0.ord,
        t1_0.tprice,
        t1_0.update_at 
    from
        tbl_tours t1_0 
    left join
        tour_tour_image_list til1_0 
            on t1_0.tno=til1_0.tour_tno 
    where
        t1_0.tno=?
Hibernate: 
    insert 
    into
        tbl_tour_date
        (available_capacity, tour_no, tour_date) 
    values
        (?, ?, ?)
Hibernate: 
    select
        t1_0.tno,
        t1_0.category_no,
        t1_0.create_at,
        t1_0.del_flag,
        t1_0.like_count,
        t1_0.max_capacity,
        t1_0.tdesc,
        t1_0.tlocation,
        t1_0.tname,
        til1_0.tour_tno,
        til1_0.category_name,
        til1_0.file_name,
        til1_0.ord,
        t1_0.tprice,
        t1_0.update_at 
    from
        tbl_tours t1_0 
    left join
        tour_tour_image_list til1_0 
            on t1_0.tno=til1_0.tour_tno 
    where
        t1_0.tno=?
Hibernate: 
    insert 
    into
        tbl_tour_date
        (available_capacity, tour_no, tour_date) 
    values
        (?, ?, ?)
]]></system-out>
  <system-err><![CDATA[]]></system-err>
</testsuite>
