<?xml version="1.0" encoding="UTF-8"?>
<testsuite name="com.green.jaeyoon.goodmorning.repository.CartRepositoryTests" tests="1" skipped="0" failures="0" errors="0" timestamp="2024-09-28T07:43:57" hostname="DESKTOP-7VCJ376" time="1.69">
  <properties/>
  <testcase name="testInsertByProduct()" classname="com.green.jaeyoon.goodmorning.repository.CartRepositoryTests" time="1.69"/>
  <system-out><![CDATA[16:43:40.940 [Test worker] INFO org.springframework.test.context.support.AnnotationConfigContextLoaderUtils -- Could not detect default configuration classes for test class [com.green.jaeyoon.goodmorning.repository.CartRepositoryTests]: CartRepositoryTests does not declare any static, non-private, non-final, nested classes annotated with @Configuration.
16:43:41.221 [Test worker] INFO org.springframework.boot.test.context.SpringBootTestContextBootstrapper -- Found @SpringBootConfiguration com.green.jaeyoon.goodmorning.GoodmorningApplication for test class com.green.jaeyoon.goodmorning.repository.CartRepositoryTests

  .   ____          _            __ _ _
 /\\ / ___'_ __ _ _(_)_ __  __ _ \ \ \ \
( ( )\___ | '_ | '_| | '_ \/ _` | \ \ \ \
 \\/  ___)| |_)| | | | | || (_| |  ) ) ) )
  '  |____| .__|_| |_|_| |_\__, | / / / /
 =========|_|==============|___/=/_/_/_/

 :: Spring Boot ::                (v3.3.3)

2024-09-28T16:43:42.319+09:00  INFO 19604 --- [goodmorning] [    Test worker] c.g.j.g.repository.CartRepositoryTests   : Starting CartRepositoryTests using Java 17.0.11 with PID 19604 (started by SAMSUNG in C:\hyeri\reactAndSpring\cartBackend\goodmorning)
2024-09-28T16:43:42.327+09:00  INFO 19604 --- [goodmorning] [    Test worker] c.g.j.g.repository.CartRepositoryTests   : No active profile set, falling back to 1 default profile: "default"
2024-09-28T16:43:44.079+09:00  INFO 19604 --- [goodmorning] [    Test worker] .s.d.r.c.RepositoryConfigurationDelegate : Bootstrapping Spring Data JPA repositories in DEFAULT mode.
2024-09-28T16:43:44.294+09:00  INFO 19604 --- [goodmorning] [    Test worker] .s.d.r.c.RepositoryConfigurationDelegate : Finished Spring Data repository scanning in 187 ms. Found 5 JPA repository interfaces.
2024-09-28T16:43:45.559+09:00  INFO 19604 --- [goodmorning] [    Test worker] o.hibernate.jpa.internal.util.LogHelper  : HHH000204: Processing PersistenceUnitInfo [name: default]
2024-09-28T16:43:45.737+09:00  INFO 19604 --- [goodmorning] [    Test worker] org.hibernate.Version                    : HHH000412: Hibernate ORM core version 6.5.2.Final
2024-09-28T16:43:45.838+09:00  INFO 19604 --- [goodmorning] [    Test worker] o.h.c.internal.RegionFactoryInitiator    : HHH000026: Second-level cache disabled
2024-09-28T16:43:46.714+09:00  INFO 19604 --- [goodmorning] [    Test worker] o.s.o.j.p.SpringPersistenceUnitInfo      : No LoadTimeWeaver setup: ignoring JPA class transformer
2024-09-28T16:43:46.770+09:00  INFO 19604 --- [goodmorning] [    Test worker] com.zaxxer.hikari.HikariDataSource       : HikariPool-1 - Starting...
2024-09-28T16:43:47.371+09:00  INFO 19604 --- [goodmorning] [    Test worker] com.zaxxer.hikari.pool.HikariPool        : HikariPool-1 - Added connection com.mysql.cj.jdbc.ConnectionImpl@5b5b8730
2024-09-28T16:43:47.376+09:00  INFO 19604 --- [goodmorning] [    Test worker] com.zaxxer.hikari.HikariDataSource       : HikariPool-1 - Start completed.
2024-09-28T16:43:49.746+09:00  INFO 19604 --- [goodmorning] [    Test worker] o.h.e.t.j.p.i.JtaPlatformInitiator       : HHH000489: No JTA platform available (set 'hibernate.transaction.jta.platform' to enable JTA platform integration)
2024-09-28T16:43:49.901+09:00  INFO 19604 --- [goodmorning] [    Test worker] j.LocalContainerEntityManagerFactoryBean : Initialized JPA EntityManagerFactory for persistence unit 'default'
2024-09-28T16:43:50.539+09:00  INFO 19604 --- [goodmorning] [    Test worker] o.s.d.j.r.query.QueryEnhancerFactory     : Hibernate is in classpath; If applicable, HQL parser will be used.
2024-09-28T16:43:52.450+09:00  INFO 19604 --- [goodmorning] [    Test worker] c.g.j.goodmorning.util.CustomFileUtil    : ============================
2024-09-28T16:43:52.451+09:00  INFO 19604 --- [goodmorning] [    Test worker] c.g.j.goodmorning.util.CustomFileUtil    : uploadPath : C:\hyeri\reactAndSpring\cartBackend\goodmorning\upload
2024-09-28T16:43:52.743+09:00  WARN 19604 --- [goodmorning] [    Test worker] JpaBaseConfiguration$JpaWebConfiguration : spring.jpa.open-in-view is enabled by default. Therefore, database queries may be performed during view rendering. Explicitly configure spring.jpa.open-in-view to disable this warning
2024-09-28T16:43:52.842+09:00  INFO 19604 --- [goodmorning] [    Test worker] r$InitializeUserDetailsManagerConfigurer : Global AuthenticationManager configured with UserDetailsService bean with name customUserDetailsService
2024-09-28T16:43:52.969+09:00  INFO 19604 --- [goodmorning] [    Test worker] c.g.j.g.config.CustomSecurityConfig      : ----security config----
2024-09-28T16:43:53.159+09:00 DEBUG 19604 --- [goodmorning] [    Test worker] o.s.s.web.DefaultSecurityFilterChain     : Will secure any request with filters: DisableEncodeUrlFilter, WebAsyncManagerIntegrationFilter, SecurityContextHolderFilter, HeaderWriterFilter, CorsFilter, LogoutFilter, JWTCheckFilter, UsernamePasswordAuthenticationFilter, RequestCacheAwareFilter, SecurityContextHolderAwareRequestFilter, AnonymousAuthenticationFilter, SessionManagementFilter, ExceptionTranslationFilter
2024-09-28T16:43:57.207+09:00  INFO 19604 --- [goodmorning] [    Test worker] c.g.j.g.repository.CartRepositoryTests   : Started CartRepositoryTests in 15.431 seconds (process running for 18.358)
2024-09-28T16:43:58.517+09:00  INFO 19604 --- [goodmorning] [    Test worker] c.g.j.g.repository.CartRepositoryTests   : test1--------------------
Hibernate: 
    select
        ci1_0.cino,
        ci1_0.cart_cno,
        ci1_0.product_pno,
        ci1_0.qty 
    from
        tbl_cart_item ci1_0 
    join
        tbl_cart c1_0 
            on ci1_0.cart_cno=c1_0.cno 
    where
        c1_0.member_owner=? 
        and ci1_0.product_pno=?
Hibernate: 
    select
        c1_0.cno,
        o1_0.email,
        o1_0.nickname,
        o1_0.pw,
        o1_0.social 
    from
        tbl_cart c1_0 
    left join
        member o1_0 
            on o1_0.email=c1_0.member_owner 
    where
        c1_0.cno=?
Hibernate: 
    select
        p1_0.pno,
        p1_0.del_flag,
        p1_0.pdesc,
        p1_0.pname,
        p1_0.price 
    from
        tbl_product p1_0 
    where
        p1_0.pno=?
]]></system-out>
  <system-err><![CDATA[]]></system-err>
</testsuite>
