<?xml version="1.0" encoding="UTF-8"?>
<testsuite name="com.positive.culture.seoulQuest.seoulQuest.repository.CouponRepositoryTests" tests="1" skipped="0" failures="0" errors="0" timestamp="2024-11-21T06:43:57" hostname="User -2024DNHES" time="0.844">
  <properties/>
  <testcase name="insertDummyAmountCoupon()" classname="com.positive.culture.seoulQuest.seoulQuest.repository.CouponRepositoryTests" time="0.844"/>
  <system-out><![CDATA[15:43:51.042 [Test worker] INFO org.springframework.test.context.support.AnnotationConfigContextLoaderUtils -- Could not detect default configuration classes for test class [com.positive.culture.seoulQuest.seoulQuest.repository.CouponRepositoryTests]: CouponRepositoryTests does not declare any static, non-private, non-final, nested classes annotated with @Configuration.
15:43:51.148 [Test worker] INFO org.springframework.boot.test.context.SpringBootTestContextBootstrapper -- Found @SpringBootConfiguration com.positive.culture.seoulQuest.SeoulQuestApplication for test class com.positive.culture.seoulQuest.seoulQuest.repository.CouponRepositoryTests

  .   ____          _            __ _ _
 /\\ / ___'_ __ _ _(_)_ __  __ _ \ \ \ \
( ( )\___ | '_ | '_| | '_ \/ _` | \ \ \ \
 \\/  ___)| |_)| | | | | || (_| |  ) ) ) )
  '  |____| .__|_| |_|_| |_\__, | / / / /
 =========|_|==============|___/=/_/_/_/

 :: Spring Boot ::                (v3.3.4)

2024-11-21T15:43:51.485+09:00  INFO 9772 --- [seoulQuest] [    Test worker] c.p.c.s.s.r.CouponRepositoryTests        : Starting CouponRepositoryTests using Java 17.0.13 with PID 9772 (started by Administrator in E:\hyeri\seoulQuestBackup\1121\seoulQuestBackend_1120)
2024-11-21T15:43:51.486+09:00  INFO 9772 --- [seoulQuest] [    Test worker] c.p.c.s.s.r.CouponRepositoryTests        : No active profile set, falling back to 1 default profile: "default"
2024-11-21T15:43:52.148+09:00  INFO 9772 --- [seoulQuest] [    Test worker] .s.d.r.c.RepositoryConfigurationDelegate : Bootstrapping Spring Data JPA repositories in DEFAULT mode.
2024-11-21T15:43:52.313+09:00  INFO 9772 --- [seoulQuest] [    Test worker] .s.d.r.c.RepositoryConfigurationDelegate : Finished Spring Data repository scanning in 159 ms. Found 21 JPA repository interfaces.
2024-11-21T15:43:52.848+09:00  INFO 9772 --- [seoulQuest] [    Test worker] o.hibernate.jpa.internal.util.LogHelper  : HHH000204: Processing PersistenceUnitInfo [name: default]
2024-11-21T15:43:52.921+09:00  INFO 9772 --- [seoulQuest] [    Test worker] org.hibernate.Version                    : HHH000412: Hibernate ORM core version 6.5.3.Final
2024-11-21T15:43:52.962+09:00  INFO 9772 --- [seoulQuest] [    Test worker] o.h.c.internal.RegionFactoryInitiator    : HHH000026: Second-level cache disabled
2024-11-21T15:43:53.271+09:00  INFO 9772 --- [seoulQuest] [    Test worker] o.s.o.j.p.SpringPersistenceUnitInfo      : No LoadTimeWeaver setup: ignoring JPA class transformer
2024-11-21T15:43:53.299+09:00  INFO 9772 --- [seoulQuest] [    Test worker] com.zaxxer.hikari.HikariDataSource       : HikariPool-1 - Starting...
2024-11-21T15:43:53.616+09:00  INFO 9772 --- [seoulQuest] [    Test worker] com.zaxxer.hikari.pool.HikariPool        : HikariPool-1 - Added connection com.mysql.cj.jdbc.ConnectionImpl@d271a54
2024-11-21T15:43:53.618+09:00  INFO 9772 --- [seoulQuest] [    Test worker] com.zaxxer.hikari.HikariDataSource       : HikariPool-1 - Start completed.
2024-11-21T15:43:54.786+09:00  INFO 9772 --- [seoulQuest] [    Test worker] o.h.e.t.j.p.i.JtaPlatformInitiator       : HHH000489: No JTA platform available (set 'hibernate.transaction.jta.platform' to enable JTA platform integration)
Hibernate: 
    alter table tbl_product 
       modify column pdesc TEXT
Hibernate: 
    alter table tbl_tours 
       modify column tdesc TEXT
2024-11-21T15:43:55.185+09:00  INFO 9772 --- [seoulQuest] [    Test worker] j.LocalContainerEntityManagerFactoryBean : Initialized JPA EntityManagerFactory for persistence unit 'default'
2024-11-21T15:43:55.424+09:00  INFO 9772 --- [seoulQuest] [    Test worker] o.s.d.j.r.query.QueryEnhancerFactory     : Hibernate is in classpath; If applicable, HQL parser will be used.
2024-11-21T15:43:56.087+09:00  INFO 9772 --- [seoulQuest] [    Test worker] c.p.c.seoulQuest.util.CustomFileUtil     : =======================================
2024-11-21T15:43:56.087+09:00  INFO 9772 --- [seoulQuest] [    Test worker] c.p.c.seoulQuest.util.CustomFileUtil     : E:\hyeri\seoulQuestBackup\1121\seoulQuestBackend_1120\upload
2024-11-21T15:43:56.424+09:00  WARN 9772 --- [seoulQuest] [    Test worker] JpaBaseConfiguration$JpaWebConfiguration : spring.jpa.open-in-view is enabled by default. Therefore, database queries may be performed during view rendering. Explicitly configure spring.jpa.open-in-view to disable this warning
2024-11-21T15:43:56.457+09:00  INFO 9772 --- [seoulQuest] [    Test worker] r$InitializeUserDetailsManagerConfigurer : Global AuthenticationManager configured with UserDetailsService bean with name customUserDetailsService
2024-11-21T15:43:56.500+09:00  INFO 9772 --- [seoulQuest] [    Test worker] c.p.c.s.config.CustomSecurityConfig      : ----security config----
2024-11-21T15:43:56.737+09:00 DEBUG 9772 --- [seoulQuest] [    Test worker] o.s.s.web.DefaultSecurityFilterChain     : Will secure any request with filters: DisableEncodeUrlFilter, WebAsyncManagerIntegrationFilter, SecurityContextHolderFilter, HeaderWriterFilter, CorsFilter, LogoutFilter, JWTCheckFilter, UsernamePasswordAuthenticationFilter, RequestCacheAwareFilter, SecurityContextHolderAwareRequestFilter, AnonymousAuthenticationFilter, SessionManagementFilter, ExceptionTranslationFilter, AuthorizationFilter
2024-11-21T15:43:56.971+09:00  WARN 9772 --- [seoulQuest] [    Test worker] ion$DefaultTemplateResolverConfiguration : Cannot find template location: classpath:/templates/ (please add some templates, check your Thymeleaf configuration, or set spring.thymeleaf.check-template-location=false)
2024-11-21T15:43:57.104+09:00  INFO 9772 --- [seoulQuest] [    Test worker] c.p.c.s.s.r.CouponRepositoryTests        : Started CouponRepositoryTests in 5.807 seconds (process running for 6.89)
Hibernate: 
    insert 
    into
        tbl_coupon
        (coupon_code, coupon_name, discount, expire_date, is_active) 
    values
        (?, ?, ?, ?, ?)
Hibernate: 
    insert 
    into
        tbl_coupon
        (coupon_code, coupon_name, discount, expire_date, is_active) 
    values
        (?, ?, ?, ?, ?)
Hibernate: 
    insert 
    into
        tbl_coupon
        (coupon_code, coupon_name, discount, expire_date, is_active) 
    values
        (?, ?, ?, ?, ?)
Hibernate: 
    insert 
    into
        tbl_coupon
        (coupon_code, coupon_name, discount, expire_date, is_active) 
    values
        (?, ?, ?, ?, ?)
Hibernate: 
    insert 
    into
        tbl_coupon
        (coupon_code, coupon_name, discount, expire_date, is_active) 
    values
        (?, ?, ?, ?, ?)
Hibernate: 
    insert 
    into
        tbl_coupon
        (coupon_code, coupon_name, discount, expire_date, is_active) 
    values
        (?, ?, ?, ?, ?)
Hibernate: 
    insert 
    into
        tbl_coupon
        (coupon_code, coupon_name, discount, expire_date, is_active) 
    values
        (?, ?, ?, ?, ?)
Hibernate: 
    insert 
    into
        tbl_coupon
        (coupon_code, coupon_name, discount, expire_date, is_active) 
    values
        (?, ?, ?, ?, ?)
Hibernate: 
    insert 
    into
        tbl_coupon
        (coupon_code, coupon_name, discount, expire_date, is_active) 
    values
        (?, ?, ?, ?, ?)
Hibernate: 
    insert 
    into
        tbl_coupon
        (coupon_code, coupon_name, discount, expire_date, is_active) 
    values
        (?, ?, ?, ?, ?)
Hibernate: 
    insert 
    into
        tbl_coupon
        (coupon_code, coupon_name, discount, expire_date, is_active) 
    values
        (?, ?, ?, ?, ?)
Hibernate: 
    insert 
    into
        tbl_coupon
        (coupon_code, coupon_name, discount, expire_date, is_active) 
    values
        (?, ?, ?, ?, ?)
Hibernate: 
    insert 
    into
        tbl_coupon
        (coupon_code, coupon_name, discount, expire_date, is_active) 
    values
        (?, ?, ?, ?, ?)
Hibernate: 
    insert 
    into
        tbl_coupon
        (coupon_code, coupon_name, discount, expire_date, is_active) 
    values
        (?, ?, ?, ?, ?)
Hibernate: 
    insert 
    into
        tbl_coupon
        (coupon_code, coupon_name, discount, expire_date, is_active) 
    values
        (?, ?, ?, ?, ?)
Hibernate: 
    insert 
    into
        tbl_coupon
        (coupon_code, coupon_name, discount, expire_date, is_active) 
    values
        (?, ?, ?, ?, ?)
Hibernate: 
    insert 
    into
        tbl_coupon
        (coupon_code, coupon_name, discount, expire_date, is_active) 
    values
        (?, ?, ?, ?, ?)
Hibernate: 
    insert 
    into
        tbl_coupon
        (coupon_code, coupon_name, discount, expire_date, is_active) 
    values
        (?, ?, ?, ?, ?)
Hibernate: 
    insert 
    into
        tbl_coupon
        (coupon_code, coupon_name, discount, expire_date, is_active) 
    values
        (?, ?, ?, ?, ?)
Hibernate: 
    insert 
    into
        tbl_coupon
        (coupon_code, coupon_name, discount, expire_date, is_active) 
    values
        (?, ?, ?, ?, ?)
Hibernate: 
    insert 
    into
        tbl_coupon
        (coupon_code, coupon_name, discount, expire_date, is_active) 
    values
        (?, ?, ?, ?, ?)
Hibernate: 
    insert 
    into
        tbl_coupon
        (coupon_code, coupon_name, discount, expire_date, is_active) 
    values
        (?, ?, ?, ?, ?)
Hibernate: 
    insert 
    into
        tbl_coupon
        (coupon_code, coupon_name, discount, expire_date, is_active) 
    values
        (?, ?, ?, ?, ?)
]]></system-out>
  <system-err><![CDATA[]]></system-err>
</testsuite>
