<?xml version="1.0" encoding="UTF-8"?>
<testsuite name="com.positive.culture.seoulQuest.seoulQuest.repository.MemberRepositoryTests" tests="1" skipped="0" failures="0" errors="0" timestamp="2024-11-25T16:44:49" hostname="DESKTOP-P8JCSON" time="0.945">
  <properties/>
  <testcase name="testIns()" classname="com.positive.culture.seoulQuest.seoulQuest.repository.MemberRepositoryTests" time="0.945"/>
  <system-out><![CDATA[01:44:44.490 [Test worker] INFO org.springframework.test.context.support.AnnotationConfigContextLoaderUtils -- Could not detect default configuration classes for test class [com.positive.culture.seoulQuest.seoulQuest.repository.MemberRepositoryTests]: MemberRepositoryTests does not declare any static, non-private, non-final, nested classes annotated with @Configuration.
01:44:44.581 [Test worker] INFO org.springframework.boot.test.context.SpringBootTestContextBootstrapper -- Found @SpringBootConfiguration com.positive.culture.seoulQuest.SeoulQuestApplication for test class com.positive.culture.seoulQuest.seoulQuest.repository.MemberRepositoryTests

  .   ____          _            __ _ _
 /\\ / ___'_ __ _ _(_)_ __  __ _ \ \ \ \
( ( )\___ | '_ | '_| | '_ \/ _` | \ \ \ \
 \\/  ___)| |_)| | | | | || (_| |  ) ) ) )
  '  |____| .__|_| |_|_| |_\__, | / / / /
 =========|_|==============|___/=/_/_/_/

 :: Spring Boot ::                (v3.3.4)

2024-11-26T01:44:44.827+09:00  INFO 14936 --- [seoulQuest] [    Test worker] c.p.c.s.s.r.MemberRepositoryTests        : Starting MemberRepositoryTests using Java 17.0.11 with PID 14936 (started by wat85 in D:\HOME\seoulQuest\main\seoulback)
2024-11-26T01:44:44.828+09:00  INFO 14936 --- [seoulQuest] [    Test worker] c.p.c.s.s.r.MemberRepositoryTests        : No active profile set, falling back to 1 default profile: "default"
2024-11-26T01:44:45.342+09:00  INFO 14936 --- [seoulQuest] [    Test worker] .s.d.r.c.RepositoryConfigurationDelegate : Bootstrapping Spring Data JPA repositories in DEFAULT mode.
2024-11-26T01:44:45.466+09:00  INFO 14936 --- [seoulQuest] [    Test worker] .s.d.r.c.RepositoryConfigurationDelegate : Finished Spring Data repository scanning in 114 ms. Found 23 JPA repository interfaces.
2024-11-26T01:44:45.917+09:00  INFO 14936 --- [seoulQuest] [    Test worker] o.hibernate.jpa.internal.util.LogHelper  : HHH000204: Processing PersistenceUnitInfo [name: default]
2024-11-26T01:44:45.959+09:00  INFO 14936 --- [seoulQuest] [    Test worker] org.hibernate.Version                    : HHH000412: Hibernate ORM core version 6.5.3.Final
2024-11-26T01:44:45.981+09:00  INFO 14936 --- [seoulQuest] [    Test worker] o.h.c.internal.RegionFactoryInitiator    : HHH000026: Second-level cache disabled
2024-11-26T01:44:46.197+09:00  INFO 14936 --- [seoulQuest] [    Test worker] o.s.o.j.p.SpringPersistenceUnitInfo      : No LoadTimeWeaver setup: ignoring JPA class transformer
2024-11-26T01:44:46.216+09:00  INFO 14936 --- [seoulQuest] [    Test worker] com.zaxxer.hikari.HikariDataSource       : HikariPool-1 - Starting...
2024-11-26T01:44:46.398+09:00  INFO 14936 --- [seoulQuest] [    Test worker] com.zaxxer.hikari.pool.HikariPool        : HikariPool-1 - Added connection com.mysql.cj.jdbc.ConnectionImpl@1e50eb3f
2024-11-26T01:44:46.399+09:00  INFO 14936 --- [seoulQuest] [    Test worker] com.zaxxer.hikari.HikariDataSource       : HikariPool-1 - Start completed.
2024-11-26T01:44:47.225+09:00  INFO 14936 --- [seoulQuest] [    Test worker] o.h.e.t.j.p.i.JtaPlatformInitiator       : HHH000489: No JTA platform available (set 'hibernate.transaction.jta.platform' to enable JTA platform integration)
Hibernate: 
    alter table tbl_product 
       modify column pdesc TEXT
Hibernate: 
    alter table tbl_tours 
       modify column tdesc TEXT
2024-11-26T01:44:47.520+09:00  INFO 14936 --- [seoulQuest] [    Test worker] j.LocalContainerEntityManagerFactoryBean : Initialized JPA EntityManagerFactory for persistence unit 'default'
2024-11-26T01:44:47.537+09:00  INFO 14936 --- [seoulQuest] [    Test worker] c.p.c.seoulQuest.util.CustomFileUtil     : =======================================
2024-11-26T01:44:47.538+09:00  INFO 14936 --- [seoulQuest] [    Test worker] c.p.c.seoulQuest.util.CustomFileUtil     : D:\HOME\seoulQuest\main\seoulback\upload
2024-11-26T01:44:47.827+09:00  INFO 14936 --- [seoulQuest] [    Test worker] o.s.d.j.r.query.QueryEnhancerFactory     : Hibernate is in classpath; If applicable, HQL parser will be used.
2024-11-26T01:44:49.008+09:00  WARN 14936 --- [seoulQuest] [    Test worker] JpaBaseConfiguration$JpaWebConfiguration : spring.jpa.open-in-view is enabled by default. Therefore, database queries may be performed during view rendering. Explicitly configure spring.jpa.open-in-view to disable this warning
2024-11-26T01:44:49.067+09:00  INFO 14936 --- [seoulQuest] [    Test worker] r$InitializeUserDetailsManagerConfigurer : Global AuthenticationManager configured with UserDetailsService bean with name customUserDetailsService
2024-11-26T01:44:49.108+09:00  INFO 14936 --- [seoulQuest] [    Test worker] c.p.c.s.config.CustomSecurityConfig      : ----security config----
2024-11-26T01:44:49.497+09:00 DEBUG 14936 --- [seoulQuest] [    Test worker] o.s.s.web.DefaultSecurityFilterChain     : Will secure any request with filters: DisableEncodeUrlFilter, WebAsyncManagerIntegrationFilter, SecurityContextHolderFilter, HeaderWriterFilter, CorsFilter, LogoutFilter, JWTCheckFilter, UsernamePasswordAuthenticationFilter, RequestCacheAwareFilter, SecurityContextHolderAwareRequestFilter, AnonymousAuthenticationFilter, SessionManagementFilter, ExceptionTranslationFilter, AuthorizationFilter
2024-11-26T01:44:49.825+09:00  WARN 14936 --- [seoulQuest] [    Test worker] ion$DefaultTemplateResolverConfiguration : Cannot find template location: classpath:/templates/ (please add some templates, check your Thymeleaf configuration, or set spring.thymeleaf.check-template-location=false)
2024-11-26T01:44:49.921+09:00  INFO 14936 --- [seoulQuest] [    Test worker] c.p.c.s.s.r.MemberRepositoryTests        : Started MemberRepositoryTests in 5.221 seconds (process running for 6.036)
Hibernate: 
    insert 
    into
        tbl_member
        (city, country, state, street, zip_code, birthday, email, firstname, lastname, nick_name, password, phone_number, social) 
    values
        (?, ?, ?, ?, ?, ?, ?, ?, ?, ?, ?, ?, ?)
Hibernate: 
    insert 
    into
        member_member_role_list
        (member_id, member_role_list) 
    values
        (?, ?)
Hibernate: 
    insert 
    into
        tbl_member
        (city, country, state, street, zip_code, birthday, email, firstname, lastname, nick_name, password, phone_number, social) 
    values
        (?, ?, ?, ?, ?, ?, ?, ?, ?, ?, ?, ?, ?)
Hibernate: 
    insert 
    into
        member_member_role_list
        (member_id, member_role_list) 
    values
        (?, ?)
Hibernate: 
    insert 
    into
        tbl_member
        (city, country, state, street, zip_code, birthday, email, firstname, lastname, nick_name, password, phone_number, social) 
    values
        (?, ?, ?, ?, ?, ?, ?, ?, ?, ?, ?, ?, ?)
Hibernate: 
    insert 
    into
        member_member_role_list
        (member_id, member_role_list) 
    values
        (?, ?)
Hibernate: 
    insert 
    into
        tbl_member
        (city, country, state, street, zip_code, birthday, email, firstname, lastname, nick_name, password, phone_number, social) 
    values
        (?, ?, ?, ?, ?, ?, ?, ?, ?, ?, ?, ?, ?)
Hibernate: 
    insert 
    into
        member_member_role_list
        (member_id, member_role_list) 
    values
        (?, ?)
Hibernate: 
    insert 
    into
        tbl_member
        (city, country, state, street, zip_code, birthday, email, firstname, lastname, nick_name, password, phone_number, social) 
    values
        (?, ?, ?, ?, ?, ?, ?, ?, ?, ?, ?, ?, ?)
Hibernate: 
    insert 
    into
        member_member_role_list
        (member_id, member_role_list) 
    values
        (?, ?)
Hibernate: 
    insert 
    into
        tbl_member
        (city, country, state, street, zip_code, birthday, email, firstname, lastname, nick_name, password, phone_number, social) 
    values
        (?, ?, ?, ?, ?, ?, ?, ?, ?, ?, ?, ?, ?)
Hibernate: 
    insert 
    into
        member_member_role_list
        (member_id, member_role_list) 
    values
        (?, ?)
Hibernate: 
    insert 
    into
        tbl_member
        (city, country, state, street, zip_code, birthday, email, firstname, lastname, nick_name, password, phone_number, social) 
    values
        (?, ?, ?, ?, ?, ?, ?, ?, ?, ?, ?, ?, ?)
Hibernate: 
    insert 
    into
        member_member_role_list
        (member_id, member_role_list) 
    values
        (?, ?)
Hibernate: 
    insert 
    into
        tbl_member
        (city, country, state, street, zip_code, birthday, email, firstname, lastname, nick_name, password, phone_number, social) 
    values
        (?, ?, ?, ?, ?, ?, ?, ?, ?, ?, ?, ?, ?)
Hibernate: 
    insert 
    into
        member_member_role_list
        (member_id, member_role_list) 
    values
        (?, ?)
Hibernate: 
    insert 
    into
        tbl_member
        (city, country, state, street, zip_code, birthday, email, firstname, lastname, nick_name, password, phone_number, social) 
    values
        (?, ?, ?, ?, ?, ?, ?, ?, ?, ?, ?, ?, ?)
Hibernate: 
    insert 
    into
        member_member_role_list
        (member_id, member_role_list) 
    values
        (?, ?)
Hibernate: 
    insert 
    into
        tbl_member
        (city, country, state, street, zip_code, birthday, email, firstname, lastname, nick_name, password, phone_number, social) 
    values
        (?, ?, ?, ?, ?, ?, ?, ?, ?, ?, ?, ?, ?)
Hibernate: 
    insert 
    into
        member_member_role_list
        (member_id, member_role_list) 
    values
        (?, ?)
]]></system-out>
  <system-err><![CDATA[]]></system-err>
</testsuite>
