<?xml version="1.0" encoding="UTF-8"?>
<testsuite name="com.positive.culture.seoulQuest.seoulQuest.repository.ReservationRepositoryTests" tests="1" skipped="0" failures="0" errors="0" timestamp="2024-10-29T17:03:36" hostname="DESKTOP-17OPFJK" time="0.618">
  <properties/>
  <testcase name="insertReservationItems()" classname="com.positive.culture.seoulQuest.seoulQuest.repository.ReservationRepositoryTests" time="0.618"/>
  <system-out><![CDATA[02:03:31.422 [Test worker] INFO org.springframework.test.context.support.AnnotationConfigContextLoaderUtils -- Could not detect default configuration classes for test class [com.positive.culture.seoulQuest.seoulQuest.repository.ReservationRepositoryTests]: ReservationRepositoryTests does not declare any static, non-private, non-final, nested classes annotated with @Configuration.
02:03:31.532 [Test worker] INFO org.springframework.boot.test.context.SpringBootTestContextBootstrapper -- Found @SpringBootConfiguration com.positive.culture.seoulQuest.SeoulQuestApplication for test class com.positive.culture.seoulQuest.seoulQuest.repository.ReservationRepositoryTests

  .   ____          _            __ _ _
 /\\ / ___'_ __ _ _(_)_ __  __ _ \ \ \ \
( ( )\___ | '_ | '_| | '_ \/ _` | \ \ \ \
 \\/  ___)| |_)| | | | | || (_| |  ) ) ) )
  '  |____| .__|_| |_|_| |_\__, | / / / /
 =========|_|==============|___/=/_/_/_/

 :: Spring Boot ::                (v3.3.4)

2024-10-30T02:03:31.909+09:00  INFO 27468 --- [seoulQuest] [    Test worker] c.p.c.s.s.r.ReservationRepositoryTests   : Starting ReservationRepositoryTests using Java 17.0.13 with PID 27468 (started by shi60 in D:\positiveGitHub\seoulQuest\seoulQuestBackend_1029)
2024-10-30T02:03:31.910+09:00  INFO 27468 --- [seoulQuest] [    Test worker] c.p.c.s.s.r.ReservationRepositoryTests   : No active profile set, falling back to 1 default profile: "default"
2024-10-30T02:03:32.554+09:00  INFO 27468 --- [seoulQuest] [    Test worker] .s.d.r.c.RepositoryConfigurationDelegate : Bootstrapping Spring Data JPA repositories in DEFAULT mode.
2024-10-30T02:03:32.646+09:00  INFO 27468 --- [seoulQuest] [    Test worker] .s.d.r.c.RepositoryConfigurationDelegate : Finished Spring Data repository scanning in 84 ms. Found 9 JPA repository interfaces.
2024-10-30T02:03:33.149+09:00  INFO 27468 --- [seoulQuest] [    Test worker] o.hibernate.jpa.internal.util.LogHelper  : HHH000204: Processing PersistenceUnitInfo [name: default]
2024-10-30T02:03:33.214+09:00  INFO 27468 --- [seoulQuest] [    Test worker] org.hibernate.Version                    : HHH000412: Hibernate ORM core version 6.5.3.Final
2024-10-30T02:03:33.251+09:00  INFO 27468 --- [seoulQuest] [    Test worker] o.h.c.internal.RegionFactoryInitiator    : HHH000026: Second-level cache disabled
2024-10-30T02:03:33.572+09:00  INFO 27468 --- [seoulQuest] [    Test worker] o.s.o.j.p.SpringPersistenceUnitInfo      : No LoadTimeWeaver setup: ignoring JPA class transformer
2024-10-30T02:03:33.605+09:00  INFO 27468 --- [seoulQuest] [    Test worker] com.zaxxer.hikari.HikariDataSource       : HikariPool-1 - Starting...
2024-10-30T02:03:33.880+09:00  INFO 27468 --- [seoulQuest] [    Test worker] com.zaxxer.hikari.pool.HikariPool        : HikariPool-1 - Added connection com.mysql.cj.jdbc.ConnectionImpl@a0e33db
2024-10-30T02:03:33.882+09:00  INFO 27468 --- [seoulQuest] [    Test worker] com.zaxxer.hikari.HikariDataSource       : HikariPool-1 - Start completed.
2024-10-30T02:03:34.965+09:00  INFO 27468 --- [seoulQuest] [    Test worker] o.h.e.t.j.p.i.JtaPlatformInitiator       : HHH000489: No JTA platform available (set 'hibernate.transaction.jta.platform' to enable JTA platform integration)
Hibernate: 
    alter table tbl_product 
       modify column pdesc TEXT
Hibernate: 
    alter table tbl_tours 
       modify column tdesc TEXT
2024-10-30T02:03:35.120+09:00  INFO 27468 --- [seoulQuest] [    Test worker] j.LocalContainerEntityManagerFactoryBean : Initialized JPA EntityManagerFactory for persistence unit 'default'
2024-10-30T02:03:35.359+09:00  INFO 27468 --- [seoulQuest] [    Test worker] o.s.d.j.r.query.QueryEnhancerFactory     : Hibernate is in classpath; If applicable, HQL parser will be used.
2024-10-30T02:03:35.972+09:00  INFO 27468 --- [seoulQuest] [    Test worker] c.p.c.seoulQuest.util.CustomFileUtil     : =======================================
2024-10-30T02:03:35.973+09:00  INFO 27468 --- [seoulQuest] [    Test worker] c.p.c.seoulQuest.util.CustomFileUtil     : D:\positiveGitHub\seoulQuest\seoulQuestBackend_1029\upload
2024-10-30T02:03:36.056+09:00  WARN 27468 --- [seoulQuest] [    Test worker] JpaBaseConfiguration$JpaWebConfiguration : spring.jpa.open-in-view is enabled by default. Therefore, database queries may be performed during view rendering. Explicitly configure spring.jpa.open-in-view to disable this warning
2024-10-30T02:03:36.098+09:00  INFO 27468 --- [seoulQuest] [    Test worker] r$InitializeUserDetailsManagerConfigurer : Global AuthenticationManager configured with UserDetailsService bean with name customUserDetailsService
2024-10-30T02:03:36.150+09:00  INFO 27468 --- [seoulQuest] [    Test worker] c.p.c.s.config.CustomSecurityConfig      : ----security config----
2024-10-30T02:03:36.199+09:00 DEBUG 27468 --- [seoulQuest] [    Test worker] o.s.s.web.DefaultSecurityFilterChain     : Will secure any request with filters: DisableEncodeUrlFilter, WebAsyncManagerIntegrationFilter, SecurityContextHolderFilter, HeaderWriterFilter, CorsFilter, LogoutFilter, JWTCheckFilter, UsernamePasswordAuthenticationFilter, RequestCacheAwareFilter, SecurityContextHolderAwareRequestFilter, AnonymousAuthenticationFilter, SessionManagementFilter, ExceptionTranslationFilter
2024-10-30T02:03:36.665+09:00  WARN 27468 --- [seoulQuest] [    Test worker] ion$DefaultTemplateResolverConfiguration : Cannot find template location: classpath:/templates/ (please add some templates, check your Thymeleaf configuration, or set spring.thymeleaf.check-template-location=false)
2024-10-30T02:03:36.888+09:00  INFO 27468 --- [seoulQuest] [    Test worker] c.p.c.s.s.r.ReservationRepositoryTests   : Started ReservationRepositoryTests in 5.184 seconds (process running for 6.472)
Hibernate: 
    select
        m1_0.id,
        m1_0.city,
        m1_0.state,
        m1_0.street,
        m1_0.zip_code,
        m1_0.birthday,
        m1_0.email,
        m1_0.name,
        m1_0.nick_name,
        m1_0.password,
        m1_0.phone_number,
        m1_0.social 
    from
        tbl_member m1_0 
    where
        m1_0.email=?
Hibernate: 
    select
        r1_0.rno,
        r1_0.member_owner,
        r1_0.status 
    from
        tbl_reservation r1_0 
    join
        tbl_member o1_0 
            on o1_0.id=r1_0.member_owner 
    where
        o1_0.email=?
Hibernate: 
    select
        t1_0.tno,
        t1_0.category_no,
        t1_0.create_at,
        t1_0.del_flag,
        t1_0.like_count,
        t1_0.max_capacity,
        t1_0.tdesc,
        t1_0.tlocation,
        t1_0.tname,
        t1_0.tprice,
        t1_0.update_at 
    from
        tbl_tours t1_0 
    where
        t1_0.tno=?
Hibernate: 
    select
        td1_0.tour_no,
        td1_0.tour_date_id,
        td1_0.available_capacity,
        td1_0.tour_date 
    from
        tbl_tour_date td1_0 
    where
        td1_0.tour_no=?
2024-10-10
Hibernate: 
    insert 
    into
        tbl_reservation_item
        (reservation_rno, tdate, tour_tno, tqty) 
    values
        (?, ?, ?, ?)
]]></system-out>
  <system-err><![CDATA[]]></system-err>
</testsuite>
